<?xml version="1.0" encoding="UTF-8"?>
<robot generator="Robot 3.2.1 (Python 3.8.5 on win32)" generated="20200917 17:15:41.343" rpa="false">
<suite id="s1" name="suitesTeardown" source="C:\Users\Pichau\Desktop\ProjetoInovaForms\tests\suitesTeardown.robot">
<test id="s1-t1" name="Cenário 00: Raliza os imports">
<kw name="Envia os resultados para o Jira" library="SetupsTeardowns">
<kw name="Conecta na API do AioTests" library="APIRequests">
<kw name="Create Session" library="RequestsLibrary">
<doc>Create Session: create a HTTP session to a server</doc>
<arguments>
<arg>${APIALIAS}</arg>
<arg>${APIURL}</arg>
<arg>headers=${HEADERS}</arg>
<arg>verify=True</arg>
</arguments>
<msg timestamp="20200917 17:15:41.504" level="INFO">Creating Session using : alias=EnvioXml, url=https://tcms.aioreports.com/aio-tcms, headers={'Authorization': 'AioAuth YjI0MzUwM2QtMzAzZS00YmMxLTllZTUtM2U5ZTI1Yzc4NjM5', 'accept': 'application/json;charset=utf-8'},                     cookies={}, auth=None, timeout=None, proxies=None, verify=True,                     debug=0 </msg>
<status status="PASS" starttime="20200917 17:15:41.504" endtime="20200917 17:15:41.505"></status>
</kw>
<status status="PASS" starttime="20200917 17:15:41.504" endtime="20200917 17:15:41.505"></status>
</kw>
<kw name="Cria um novo ciclo e envia os cenários como casos de teste" library="APIRequests">
<kw name="Get Current Date" library="DateTime">
<doc>Returns current local or UTC time with an optional increment.</doc>
<arguments>
<arg>result_format=%Y-%m-%d</arg>
<arg>increment=1 day</arg>
</arguments>
<assign>
<var>${hoje}</var>
</assign>
<msg timestamp="20200917 17:15:41.506" level="INFO">${hoje} = 2020-09-18</msg>
<status status="PASS" starttime="20200917 17:15:41.505" endtime="20200917 17:15:41.506"></status>
</kw>
<kw name="Get Current Date" library="DateTime">
<doc>Returns current local or UTC time with an optional increment.</doc>
<arguments>
<arg>result_format=%d-%m-%Y às %H:%M</arg>
</arguments>
<assign>
<var>${agora}</var>
</assign>
<msg timestamp="20200917 17:15:41.506" level="INFO">${agora} = 17-09-2020 às 17:15</msg>
<status status="PASS" starttime="20200917 17:15:41.506" endtime="20200917 17:15:41.506"></status>
</kw>
<kw name="Replace String" library="String">
<doc>Replaces ``search_for`` in the given ``string`` with ``replace_with``.</doc>
<arguments>
<arg>${LOG FILE}</arg>
<arg>\\${APPPSTEARDOWNRESULTS}\\log.html</arg>
<arg>${EMPTY}</arg>
</arguments>
<assign>
<var>${resultadopastatestes}</var>
</assign>
<msg timestamp="20200917 17:15:41.506" level="INFO">${resultadopastatestes} = C:\Users\Pichau\Desktop\ProjetoInovaForms\results</msg>
<status status="PASS" starttime="20200917 17:15:41.506" endtime="20200917 17:15:41.506"></status>
</kw>
<kw name="Replace String" library="String">
<doc>Replaces ``search_for`` in the given ``string`` with ``replace_with``.</doc>
<arguments>
<arg>${resultadopastatestes}</arg>
<arg>\\</arg>
<arg>\\\\</arg>
</arguments>
<assign>
<var>${resultadopastatestes}</var>
</assign>
<msg timestamp="20200917 17:15:41.507" level="INFO">${resultadopastatestes} = C:\\Users\\Pichau\\Desktop\\ProjetoInovaForms\\results</msg>
<status status="PASS" starttime="20200917 17:15:41.507" endtime="20200917 17:15:41.507"></status>
</kw>
<kw name="Format String" library="String">
<doc>Formats a ``template`` using the given ``positional`` and ``named`` arguments.</doc>
<arguments>
<arg>${JSONCICLO}</arg>
<arg>TITULOCICLO=Execução realizada em ${agora} para o projeto ${IDPROJETO}</arg>
<arg>OBJETIVOCICLO=Verificação diária, resultados estão em: ${resultadopastatestes}</arg>
<arg>DATAINICIO=${hoje}</arg>
<arg>DATAFIM=${hoje}</arg>
</arguments>
<assign>
<var>${ciclobody}</var>
</assign>
<msg timestamp="20200917 17:15:41.509" level="INFO" html="yes">Reading template from file &lt;a href="C:\Users\Pichau\Desktop\ProjetoInovaForms\resources\variables\newcyclesimp.json"&gt;C:\Users\Pichau\Desktop\ProjetoInovaForms\resources\variables\newcyclesimp.json&lt;/a&gt;.</msg>
<msg timestamp="20200917 17:15:41.509" level="INFO">${ciclobody} = {
  "title": "Execução realizada em 17-09-2020 às 17:15 para o projeto ITIEL",
  "objective": "Verificação diária, resultados estão em: C:\\Users\\Pichau\\Desktop\\ProjetoInovaForms\\results",
  "star...</msg>
<status status="PASS" starttime="20200917 17:15:41.508" endtime="20200917 17:15:41.509"></status>
</kw>
<kw name="To Json" library="RequestsLibrary">
<doc>Convert a string to a JSON object</doc>
<arguments>
<arg>${ciclobody}</arg>
</arguments>
<assign>
<var>${ciclobody}</var>
</assign>
<msg timestamp="20200917 17:15:41.510" level="INFO">To JSON using : content={
  "title": "Execução realizada em 17-09-2020 às 17:15 para o projeto ITIEL",
  "objective": "Verificação diária, resultados estão em: C:\\Users\\Pichau\\Desktop\\ProjetoInovaForms\\results",
  "startDate": "2020-09-18",
  "endDate": "2020-09-18"
}
 </msg>
<msg timestamp="20200917 17:15:41.510" level="INFO">To JSON using : pretty_print=False </msg>
<msg timestamp="20200917 17:15:41.510" level="INFO">${ciclobody} = {'title': 'Execução realizada em 17-09-2020 às 17:15 para o projeto ITIEL', 'objective': 'Verificação diária, resultados estão em: C:\\Users\\Pichau\\Desktop\\ProjetoInovaForms\\results', 'startDate':...</msg>
<status status="PASS" starttime="20200917 17:15:41.509" endtime="20200917 17:15:41.510"></status>
</kw>
<kw name="Create Dictionary" library="BuiltIn">
<doc>Creates and returns a dictionary based on the given ``items``.</doc>
<arguments>
<arg>jiraProjectId=${IDPROJETO}</arg>
</arguments>
<assign>
<var>${projectiddict}</var>
</assign>
<msg timestamp="20200917 17:15:41.511" level="INFO">${projectiddict} = {'jiraProjectId': 'ITIEL'}</msg>
<status status="PASS" starttime="20200917 17:15:41.510" endtime="20200917 17:15:41.511"></status>
</kw>
<kw name="Post Request" library="RequestsLibrary">
<doc>Send a POST request on the session object found using the
given `alias`</doc>
<arguments>
<arg>alias=${APIALIAS}</arg>
<arg>uri=${CYCLEURI}</arg>
<arg>headers=${HEADERS}</arg>
<arg>params=${projectiddict}</arg>
<arg>json=${ciclobody}</arg>
</arguments>
<assign>
<var>${postciclo}</var>
</assign>
<msg timestamp="20200917 17:15:42.083" level="INFO">POST Request : url=https://tcms.aioreports.com/aio-tcms/api/v1/project/ITIEL/testcycle/detail?jiraProjectId=ITIEL 
 path_url=/aio-tcms/api/v1/project/ITIEL/testcycle/detail?jiraProjectId=ITIEL 
 headers={'User-Agent': 'python-requests/2.24.0', 'Accept-Encoding': 'gzip, deflate', 'accept': 'application/json;charset=utf-8', 'Connection': 'keep-alive', 'Authorization': 'AioAuth YjI0MzUwM2QtMzAzZS00YmMxLTllZTUtM2U5ZTI1Yzc4NjM5', 'Content-Length': '274', 'Content-Type': 'application/json'} 
 body=b'{"title": "Execu\\u00e7\\u00e3o realizada em 17-09-2020 \\u00e0s 17:15 para o projeto ITIEL", "objective": "Verifica\\u00e7\\u00e3o di\\u00e1ria, resultados est\\u00e3o em: C:\\\\Users\\\\Pichau\\\\Desktop\\\\ProjetoInovaForms\\\\results", "startDate": "2020-09-18", "endDate": "2020-09-18"}' 
 </msg>
<msg timestamp="20200917 17:15:42.083" level="INFO">POST Response : url=https://tcms.aioreports.com/aio-tcms/api/v1/project/ITIEL/testcycle/detail?jiraProjectId=ITIEL 
 status=200, reason= 
 body={"ID":586,"key":"ITIEL-CY-53","title":"Execução realizada em 17-09-2020 às 17:15 para o projeto ITIEL","objective":"Verificação diária, resultados estão em: C:\\Users\\Pichau\\Desktop\\ProjetoInovaForms\\results","ownedByID":"5f3d363a42959b00398b53d3","folder":null,"jiraComponentID":null,"jiraReleaseID":null,"startDate":1600387200000,"endDate":1600387200000,"isSystemDefined":false,"tags":null} 
 </msg>
<msg timestamp="20200917 17:15:42.083" level="INFO">${postciclo} = &lt;Response [200]&gt;</msg>
<status status="PASS" starttime="20200917 17:15:41.511" endtime="20200917 17:15:42.083"></status>
</kw>
<kw name="To Json" library="RequestsLibrary">
<doc>Convert a string to a JSON object</doc>
<arguments>
<arg>${postciclo.text}</arg>
</arguments>
<assign>
<var>${ciclocriado}</var>
</assign>
<msg timestamp="20200917 17:15:42.084" level="INFO">To JSON using : content={"ID":586,"key":"ITIEL-CY-53","title":"Execução realizada em 17-09-2020 às 17:15 para o projeto ITIEL","objective":"Verificação diária, resultados estão em: C:\\Users\\Pichau\\Desktop\\ProjetoInovaForms\\results","ownedByID":"5f3d363a42959b00398b53d3","folder":null,"jiraComponentID":null,"jiraReleaseID":null,"startDate":1600387200000,"endDate":1600387200000,"isSystemDefined":false,"tags":null} </msg>
<msg timestamp="20200917 17:15:42.084" level="INFO">To JSON using : pretty_print=False </msg>
<msg timestamp="20200917 17:15:42.084" level="INFO">${ciclocriado} = {'ID': 586, 'key': 'ITIEL-CY-53', 'title': 'Execução realizada em 17-09-2020 às 17:15 para o projeto ITIEL', 'objective': 'Verificação diária, resultados estão em: C:\\Users\\Pichau\\Desktop\\ProjetoI...</msg>
<status status="PASS" starttime="20200917 17:15:42.083" endtime="20200917 17:15:42.084"></status>
</kw>
<kw name="Set Global Variable" library="BuiltIn">
<doc>Makes a variable available globally in all tests and suites.</doc>
<arguments>
<arg>${IDCICLO}</arg>
<arg>${ciclocriado}[key]</arg>
</arguments>
<msg timestamp="20200917 17:15:42.084" level="INFO">${IDCICLO} = ITIEL-CY-53</msg>
<status status="PASS" starttime="20200917 17:15:42.084" endtime="20200917 17:15:42.084"></status>
</kw>
<kw name="Set Global Variable" library="BuiltIn">
<doc>Makes a variable available globally in all tests and suites.</doc>
<arguments>
<arg>${CASEURI}</arg>
<arg>/api/v1/project/${IDPROJETO}/testcycle/${IDCICLO}/import/results</arg>
</arguments>
<msg timestamp="20200917 17:15:42.085" level="INFO">${CASEURI} = /api/v1/project/ITIEL/testcycle/ITIEL-CY-53/import/results</msg>
<status status="PASS" starttime="20200917 17:15:42.084" endtime="20200917 17:15:42.085"></status>
</kw>
<kw name="Set To Dictionary" library="Collections">
<doc>Adds the given ``key_value_pairs`` and ``items`` to the ``dictionary``.</doc>
<arguments>
<arg>${CASOBODY}</arg>
<arg>testCycleId</arg>
<arg>${IDCICLO}</arg>
</arguments>
<status status="PASS" starttime="20200917 17:15:42.085" endtime="20200917 17:15:42.085"></status>
</kw>
<kw name="Get File For Streaming Upload" library="RequestsLibrary">
<doc>Opens and returns a file descriptor of a specified file to be passed as ``data`` parameter
to other requests keywords.</doc>
<arguments>
<arg>${LOCALRESULTADO}</arg>
</arguments>
<assign>
<var>${xmlfile}</var>
</assign>
<msg timestamp="20200917 17:15:42.086" level="INFO">${xmlfile} = &lt;_io.BufferedReader name='C:\\Users\\Pichau\\Desktop\\ProjetoInovaForms\\resources\\..\\results\\junitoutput.xml'&gt;</msg>
<status status="PASS" starttime="20200917 17:15:42.085" endtime="20200917 17:15:42.086"></status>
</kw>
<kw name="Create Dictionary" library="BuiltIn">
<doc>Creates and returns a dictionary based on the given ``items``.</doc>
<arguments>
<arg>file=${xmlfile}</arg>
<arg>type=text/xml</arg>
</arguments>
<assign>
<var>${arquivo}</var>
</assign>
<msg timestamp="20200917 17:15:42.086" level="INFO">${arquivo} = {'file': &lt;_io.BufferedReader name='C:\\Users\\Pichau\\Desktop\\ProjetoInovaForms\\resources\\..\\results\\junitoutput.xml'&gt;, 'type': 'text/xml'}</msg>
<status status="PASS" starttime="20200917 17:15:42.086" endtime="20200917 17:15:42.086"></status>
</kw>
<kw name="Post Request" library="RequestsLibrary">
<doc>Send a POST request on the session object found using the
given `alias`</doc>
<arguments>
<arg>alias=${APIALIAS}</arg>
<arg>uri=${CASEURI}</arg>
<arg>headers=${HEADERS}</arg>
<arg>data=${CASOBODY}</arg>
<arg>files=${arquivo}</arg>
<arg>params=${TYPE}</arg>
</arguments>
<assign>
<var>${postcaso}</var>
</assign>
<msg timestamp="20200917 17:15:42.529" level="INFO">POST Request : url=https://tcms.aioreports.com/aio-tcms/api/v1/project/ITIEL/testcycle/ITIEL-CY-53/import/results?type=JUnit 
 path_url=/aio-tcms/api/v1/project/ITIEL/testcycle/ITIEL-CY-53/import/results?type=JUnit 
 headers={'User-Agent': 'python-requests/2.24.0', 'Accept-Encoding': 'gzip, deflate', 'accept': 'application/json;charset=utf-8', 'Connection': 'keep-alive', 'Authorization': 'AioAuth YjI0MzUwM2QtMzAzZS00YmMxLTllZTUtM2U5ZTI1Yzc4NjM5', 'Cookie': 'JSESSIONID=s1~BD34991F85244F7250312BD1E114F8C8', 'Content-Length': '2832', 'Content-Type': 'multipart/form-data; boundary=97bdec252c33d8dc7de0ed7382991d19'} 
 body=b'--97bdec252c33d8dc7de0ed7382991d19\r\nContent-Disposition: form-data; name="createNewRun"\r\n\r\ntrue\r\n--97bdec252c33d8dc7de0ed7382991d19\r\nContent-Disposition: form-data; name="addCaseToCycle"\r\n\r\ntrue\r\n--97bdec252c33d8dc7de0ed7382991d19\r\nContent-Disposition: form-data; name="jiraProjectId"\r\n\r\nITIEL\r\n--97bdec252c33d8dc7de0ed7382991d19\r\nContent-Disposition: form-data; name="testCycleId"\r\n\r\nITIEL-CY-53\r\n--97bdec252c33d8dc7de0ed7382991d19\r\nContent-Disposition: form-data; name="createCase"\r\n\r\ntrue\r\n--97bdec252c33d8dc7de0ed7382991d19\r\nContent-Disposition: form-data; name="file"\r\n\r\nC:\\Users\\Pichau\\Desktop\\ProjetoInovaForms\\resources\\..\\results\\junitoutput.xml\r\n--97bdec252c33d8dc7de0ed7382991d19\r\nContent-Disposition: form-data; name="file"; filename="junitoutput.xml"\r\n\r\n&lt;?xml version="1.0" encoding="UTF-8"?&gt;\r\n&lt;testsuite name="testSuiteInovaForms" tests="9" errors="0" failures="1" skipped="0" time="63.034"&gt;\r\n&lt;testcase classname="testSuiteInovaForms.TestCadastrodeUsuario" name="Cen\xc3\xa1rio 01 Cadastro Usu\xc3\xa1rio: Cadastrar um novo usu\xc3\xa1rio com sucesso" time="13.376"&gt;\r\n&lt;/testcase&gt;\r\n&lt;testcase classname="testSuiteInovaForms.TestCadastrodeUsuario" name="Cen\xc3\xa1rio 02 Cadastro Usu\xc3\xa1rio: Falhar cadastro de um novo usu\xc3\xa1rio com sucesso" time="10.250"&gt;\r\n&lt;/testcase&gt;\r\n&lt;testcase classname="testSuiteInovaForms.TestCadastroProjeto" name="Cen\xc3\xa1rio 01 Cadastro Projeto: Ser\xc3\xa3o preenchidos os campos do projeto para o cadastro" time="17.125"&gt;\r\n&lt;/testcase&gt;\r\n&lt;testcase classname="testSuiteInovaForms.TestCadastroProjeto" name="Cen\xc3\xa1rio 02 Cadastro Projeto: Incluir dados da Empresa" time="4.186"&gt;\r\n&lt;/testcase&gt;\r\n&lt;testcase classname="testSuiteInovaForms.TestCadastroProjeto" name="Cen\xc3\xa1rio 03 Cadastro Projeto: Incluir Hist\xc3\xb3rico" time="2.138"&gt;\r\n&lt;/testcase&gt;\r\n&lt;testcase classname="testSuiteInovaForms.TestCadastroProjeto" name="Cen\xc3\xa1rio 04 Cadastro Projeto: Incluir Objetivo, Meta e Indicador" time="1.720"&gt;\r\n&lt;/testcase&gt;\r\n&lt;testcase classname="testSuiteInovaForms.TestCadastroProjeto" name="Cen\xc3\xa1rio 05 Cadastro Projeto: Adicionar Executor" time="2.174"&gt;\r\n&lt;/testcase&gt;\r\n&lt;testcase classname="testSuiteInovaForms.TestCadastroProjeto" name="Cen\xc3\xa1rio 06 Cadastro Projeto: Adicionar Perfil de Bolsista" time="3.267"&gt;\r\n&lt;/testcase&gt;\r\n&lt;testcase classname="testSuiteInovaForms.TestCadastroProjeto" name="Cen\xc3\xa1rio 07 Cadastro Projeto: Adicionar Macro a\xc3\xa7\xc3\xa3o geral" time="8.316"&gt;\r\n&lt;failure message="Element \'//*[@id=&amp;quot;form-cadastrar-macro&amp;quot;]/footer/button\' did not disappear in 5 seconds.&amp;#10;&amp;#10;Also teardown failed:&amp;#10;ElementNotInteractableException: Message: element not interactable&amp;#10;  (Session info: headless chrome=85.0.4183.102)&amp;#10;" type="AssertionError"&gt;&lt;/failure&gt;\r\n&lt;/testcase&gt;\r\n&lt;/testsuite&gt;\r\n\r\n--97bdec252c33d8dc7de0ed7382991d19\r\nContent-Disposition: form-data; name="type"; filename="type"\r\n\r\ntext/xml\r\n--97bdec252c33d8dc7de0ed7382991d19--\r\n' 
 </msg>
<msg timestamp="20200917 17:15:42.529" level="INFO">POST Response : url=https://tcms.aioreports.com/aio-tcms/api/v1/project/ITIEL/testcycle/ITIEL-CY-53/import/results?type=JUnit 
 status=200, reason= 
 body={"status":"SUCCESS","requestCount":9,"successCount":9,"errorCount":0,"errors":null,"processedData":{"testSuiteInovaForms.TestCadastrodeUsuario.Cenário 01 Cadastro Usuário: Cadastrar um novo usuário com sucesso":{"tcKey":"testSuiteInovaForms.TestCadastrodeUsuario.Cenário 01 Cadastro Usuário: Cadastrar um novo usuário com sucesso","className":"testSuiteInovaForms.TestCadastrodeUsuario","name":"Cenário 01 Cadastro Usuário: Cadastrar um novo usuário com sucesso","status":"Passed","duration":13,"finishedAt":null,"runId":[null,6267],"comments":[]},"testSuiteInovaForms.TestCadastrodeUsuario.Cenário 02 Cadastro Usuário: Falhar cadastro de um novo usuário com sucesso":{"tcKey":"testSuiteInovaForms.TestCadastrodeUsuario.Cenário 02 Cadastro Usuário: Falhar cadastro de um novo usuário com sucesso","className":"testSuiteInovaForms.TestCadastrodeUsuario","name":"Cenário 02 Cadastro Usuário: Falhar cadastro de um novo usuário com sucesso","status":"Passed","duration":10,"finishedAt":null,"runId":[null,6268],"comments":[]},"testSuiteInovaForms.TestCadastroProjeto.Cenário 01 Cadastro Projeto: Serão preenchidos os campos do projeto para o cadastro":{"tcKey":"testSuiteInovaForms.TestCadastroProjeto.Cenário 01 Cadastro Projeto: Serão preenchidos os campos do projeto para o cadastro","className":"testSuiteInovaForms.TestCadastroProjeto","name":"Cenário 01 Cadastro Projeto: Serão preenchidos os campos do projeto para o cadastro","status":"Passed","duration":17,"finishedAt":null,"runId":[null,6269],"comments":[]},"testSuiteInovaForms.TestCadastroProjeto.Cenário 02 Cadastro Projeto: Incluir dados da Empresa":{"tcKey":"testSuiteInovaForms.TestCadastroProjeto.Cenário 02 Cadastro Projeto: Incluir dados da Empresa","className":"testSuiteInovaForms.TestCadastroProjeto","name":"Cenário 02 Cadastro Projeto: Incluir dados da Empresa","status":"Passed","duration":4,"finishedAt":null,"runId":[null,6270],"comments":[]},"testSuiteInovaForms.TestCadastroProjeto.Cenário 03 Cadastro Projeto: Incluir Histórico":{"tcKey":"testSuiteInovaForms.TestCadastroProjeto.Cenário 03 Cadastro Projeto: Incluir Histórico","className":"testSuiteInovaForms.TestCadastroProjeto","name":"Cenário 03 Cadastro Projeto: Incluir Histórico","status":"Passed","duration":2,"finishedAt":null,"runId":[null,6271],"comments":[]},"testSuiteInovaForms.TestCadastroProjeto.Cenário 04 Cadastro Projeto: Incluir Objetivo, Meta e Indicador":{"tcKey":"testSuiteInovaForms.TestCadastroProjeto.Cenário 04 Cadastro Projeto: Incluir Objetivo, Meta e Indicador","className":"testSuiteInovaForms.TestCadastroProjeto","name":"Cenário 04 Cadastro Projeto: Incluir Objetivo, Meta e Indicador","status":"Passed","duration":1,"finishedAt":null,"runId":[null,6272],"comments":[]},"testSuiteInovaForms.TestCadastroProjeto.Cenário 05 Cadastro Projeto: Adicionar Executor":{"tcKey":"testSuiteInovaForms.TestCadastroProjeto.Cenário 05 Cadastro Projeto: Adicionar Executor","className":"testSuiteInovaForms.TestCadastroProjeto","name":"Cenário 05 Cadastro Projeto: Adicionar Executor","status":"Passed","duration":2,"finishedAt":null,"runId":[null,6273],"comments":[]},"testSuiteInovaForms.TestCadastroProjeto.Cenário 06 Cadastro Projeto: Adicionar Perfil de Bolsista":{"tcKey":"testSuiteInovaForms.TestCadastroProjeto.Cenário 06 Cadastro Projeto: Adicionar Perfil de Bolsista","className":"testSuiteInovaForms.TestCadastroProjeto","name":"Cenário 06 Cadastro Projeto: Adicionar Perfil de Bolsista","status":"Passed","duration":3,"finishedAt":null,"runId":[null,6274],"comments":[]},"testSuiteInovaForms.TestCadastroProjeto.Cenário 07 Cadastro Projeto: Adicionar Macro ação geral":{"tcKey":"testSuiteInovaForms.TestCadastroProjeto.Cenário 07 Cadastro Projeto: Adicionar Macro ação geral","className":"testSuiteInovaForms.TestCadastroProjeto","name":"Cenário 07 Cadastro Projeto: Adicionar Macro ação geral","status":"Failed","duration":8,"finishedAt":null,"runId":[null,6275],"comments":[]}}} 
 </msg>
<msg timestamp="20200917 17:15:42.529" level="INFO">${postcaso} = &lt;Response [200]&gt;</msg>
<status status="PASS" starttime="20200917 17:15:42.086" endtime="20200917 17:15:42.529"></status>
</kw>
<status status="PASS" starttime="20200917 17:15:41.505" endtime="20200917 17:15:42.529"></status>
</kw>
<status status="PASS" starttime="20200917 17:15:41.503" endtime="20200917 17:15:42.529"></status>
</kw>
<status status="PASS" starttime="20200917 17:15:41.502" endtime="20200917 17:15:42.530" critical="yes"></status>
</test>
<doc>Testar a funcionalidade de cadastro do site Localnews</doc>
<status status="PASS" starttime="20200917 17:15:41.345" endtime="20200917 17:15:42.532"></status>
</suite>
<statistics>
<total>
<stat pass="1" fail="0">Critical Tests</stat>
<stat pass="1" fail="0">All Tests</stat>
</total>
<tag>
</tag>
<suite>
<stat pass="1" fail="0" id="s1" name="suitesTeardown">suitesTeardown</stat>
</suite>
</statistics>
<errors>
</errors>
</robot>
