<?xml version="1.0" encoding="UTF-8"?>
<robot generator="Robot 3.2.1 (Python 3.8.5 on win32)" generated="20200914 15:43:05.076" rpa="false">
<suite id="s1" name="suitesTeardown" source="C:\Users\Pichau\Desktop\ProjetoInovaForms\tests\suitesTeardown.robot">
<test id="s1-t1" name="Cenário 00: Raliza os imports">
<kw name="Envia os resultados para o Jira" library="SetupsTeardowns">
<kw name="Conecta na API do AioTests" library="APIRequests">
<kw name="Create Session" library="RequestsLibrary">
<doc>Create Session: create a HTTP session to a server</doc>
<arguments>
<arg>${APIALIAS}</arg>
<arg>${APIURL}</arg>
<arg>headers=${HEADERS}</arg>
<arg>verify=True</arg>
</arguments>
<msg timestamp="20200914 15:43:05.246" level="INFO">Creating Session using : alias=EnvioXml, url=https://tcms.aioreports.com/aio-tcms, headers={'Authorization': 'AioAuth xxxxxxxxxxZmRh', 'accept': 'application/json;charset=utf-8'},                     cookies={}, auth=None, timeout=None, proxies=None, verify=True,                     debug=0 </msg>
<status status="PASS" starttime="20200914 15:43:05.245" endtime="20200914 15:43:05.246"></status>
</kw>
<status status="PASS" starttime="20200914 15:43:05.245" endtime="20200914 15:43:05.246"></status>
</kw>
<kw name="Cria um novo ciclo e envia os cenários como casos de teste" library="APIRequests">
<kw name="Get Current Date" library="DateTime">
<doc>Returns current local or UTC time with an optional increment.</doc>
<arguments>
<arg>result_format=%Y-%m-%d</arg>
<arg>increment=1 day</arg>
</arguments>
<assign>
<var>${hoje}</var>
</assign>
<msg timestamp="20200914 15:43:05.247" level="INFO">${hoje} = 2020-09-15</msg>
<status status="PASS" starttime="20200914 15:43:05.247" endtime="20200914 15:43:05.247"></status>
</kw>
<kw name="Get Current Date" library="DateTime">
<doc>Returns current local or UTC time with an optional increment.</doc>
<arguments>
<arg>result_format=%d-%m-%Y às %H:%M</arg>
</arguments>
<assign>
<var>${agora}</var>
</assign>
<msg timestamp="20200914 15:43:05.247" level="INFO">${agora} = 14-09-2020 às 15:43</msg>
<status status="PASS" starttime="20200914 15:43:05.247" endtime="20200914 15:43:05.247"></status>
</kw>
<kw name="Replace String" library="String">
<doc>Replaces ``search_for`` in the given ``string`` with ``replace_with``.</doc>
<arguments>
<arg>${LOG FILE}</arg>
<arg>\\${APPPSTEARDOWNRESULTS}\\log.html</arg>
<arg>${EMPTY}</arg>
</arguments>
<assign>
<var>${resultadopastatestes}</var>
</assign>
<msg timestamp="20200914 15:43:05.248" level="INFO">${resultadopastatestes} = C:\Users\Pichau\Desktop\ProjetoInovaForms\results</msg>
<status status="PASS" starttime="20200914 15:43:05.247" endtime="20200914 15:43:05.248"></status>
</kw>
<kw name="Replace String" library="String">
<doc>Replaces ``search_for`` in the given ``string`` with ``replace_with``.</doc>
<arguments>
<arg>${resultadopastatestes}</arg>
<arg>\\</arg>
<arg>\\\\</arg>
</arguments>
<assign>
<var>${resultadopastatestes}</var>
</assign>
<msg timestamp="20200914 15:43:05.248" level="INFO">${resultadopastatestes} = C:\\Users\\Pichau\\Desktop\\ProjetoInovaForms\\results</msg>
<status status="PASS" starttime="20200914 15:43:05.248" endtime="20200914 15:43:05.248"></status>
</kw>
<kw name="Format String" library="String">
<doc>Formats a ``template`` using the given ``positional`` and ``named`` arguments.</doc>
<arguments>
<arg>${JSONCICLO}</arg>
<arg>TITULOCICLO=Execução realizada em ${agora} para o projeto ${IDPROJETO}</arg>
<arg>OBJETIVOCICLO=Verificação diária, resultados estão em: ${resultadopastatestes}</arg>
<arg>DATAINICIO=${hoje}</arg>
<arg>DATAFIM=${hoje}</arg>
</arguments>
<assign>
<var>${ciclobody}</var>
</assign>
<msg timestamp="20200914 15:43:05.249" level="INFO" html="yes">Reading template from file &lt;a href="C:\Users\Pichau\Desktop\ProjetoInovaForms\resources\variables\newcyclesimp.json"&gt;C:\Users\Pichau\Desktop\ProjetoInovaForms\resources\variables\newcyclesimp.json&lt;/a&gt;.</msg>
<msg timestamp="20200914 15:43:05.249" level="INFO">${ciclobody} = {
  "title": "Execução realizada em 14-09-2020 às 15:43 para o projeto ITIEL",
  "objective": "Verificação diária, resultados estão em: C:\\Users\\Pichau\\Desktop\\ProjetoInovaForms\\results",
  "star...</msg>
<status status="PASS" starttime="20200914 15:43:05.248" endtime="20200914 15:43:05.249"></status>
</kw>
<kw name="To Json" library="RequestsLibrary">
<doc>Convert a string to a JSON object</doc>
<arguments>
<arg>${ciclobody}</arg>
</arguments>
<assign>
<var>${ciclobody}</var>
</assign>
<msg timestamp="20200914 15:43:05.250" level="INFO">To JSON using : content={
  "title": "Execução realizada em 14-09-2020 às 15:43 para o projeto ITIEL",
  "objective": "Verificação diária, resultados estão em: C:\\Users\\Pichau\\Desktop\\ProjetoInovaForms\\results",
  "startDate": "2020-09-15",
  "endDate": "2020-09-15"
}
 </msg>
<msg timestamp="20200914 15:43:05.250" level="INFO">To JSON using : pretty_print=False </msg>
<msg timestamp="20200914 15:43:05.250" level="INFO">${ciclobody} = {'title': 'Execução realizada em 14-09-2020 às 15:43 para o projeto ITIEL', 'objective': 'Verificação diária, resultados estão em: C:\\Users\\Pichau\\Desktop\\ProjetoInovaForms\\results', 'startDate':...</msg>
<status status="PASS" starttime="20200914 15:43:05.249" endtime="20200914 15:43:05.250"></status>
</kw>
<kw name="Create Dictionary" library="BuiltIn">
<doc>Creates and returns a dictionary based on the given ``items``.</doc>
<arguments>
<arg>jiraProjectId=${IDPROJETO}</arg>
</arguments>
<assign>
<var>${projectiddict}</var>
</assign>
<msg timestamp="20200914 15:43:05.251" level="INFO">${projectiddict} = {'jiraProjectId': 'ITIEL'}</msg>
<status status="PASS" starttime="20200914 15:43:05.250" endtime="20200914 15:43:05.251"></status>
</kw>
<kw name="Post Request" library="RequestsLibrary">
<doc>Send a POST request on the session object found using the
given `alias`</doc>
<arguments>
<arg>alias=${APIALIAS}</arg>
<arg>uri=${CYCLEURI}</arg>
<arg>headers=${HEADERS}</arg>
<arg>params=${projectiddict}</arg>
<arg>json=${ciclobody}</arg>
</arguments>
<assign>
<var>${postciclo}</var>
</assign>
<msg timestamp="20200914 15:43:05.755" level="INFO">POST Request : url=https://tcms.aioreports.com/aio-tcms/api/v1/project/ITIEL/testcycle/detail?jiraProjectId=ITIEL 
 path_url=/aio-tcms/api/v1/project/ITIEL/testcycle/detail?jiraProjectId=ITIEL 
 headers={'User-Agent': 'python-requests/2.24.0', 'Accept-Encoding': 'gzip, deflate', 'accept': 'application/json;charset=utf-8', 'Connection': 'keep-alive', 'Authorization': 'AioAuth xxxxxxxxxxZmRh', 'Content-Length': '274', 'Content-Type': 'application/json'} 
 body=b'{"title": "Execu\\u00e7\\u00e3o realizada em 14-09-2020 \\u00e0s 15:43 para o projeto ITIEL", "objective": "Verifica\\u00e7\\u00e3o di\\u00e1ria, resultados est\\u00e3o em: C:\\\\Users\\\\Pichau\\\\Desktop\\\\ProjetoInovaForms\\\\results", "startDate": "2020-09-15", "endDate": "2020-09-15"}' 
 </msg>
<msg timestamp="20200914 15:43:05.755" level="INFO">POST Response : url=https://tcms.aioreports.com/aio-tcms/api/v1/project/ITIEL/testcycle/detail?jiraProjectId=ITIEL 
 status=401, reason= 
 body=Invalid or missing API Token. 
 </msg>
<msg timestamp="20200914 15:43:05.755" level="INFO">${postciclo} = &lt;Response [401]&gt;</msg>
<status status="PASS" starttime="20200914 15:43:05.251" endtime="20200914 15:43:05.755"></status>
</kw>
<kw name="To Json" library="RequestsLibrary">
<doc>Convert a string to a JSON object</doc>
<arguments>
<arg>${postciclo.text}</arg>
</arguments>
<assign>
<var>${ciclocriado}</var>
</assign>
<msg timestamp="20200914 15:43:05.757" level="FAIL">JSONDecodeError: Expecting value: line 1 column 1 (char 0)</msg>
<status status="FAIL" starttime="20200914 15:43:05.755" endtime="20200914 15:43:05.757"></status>
</kw>
<status status="FAIL" starttime="20200914 15:43:05.246" endtime="20200914 15:43:05.758"></status>
</kw>
<status status="FAIL" starttime="20200914 15:43:05.245" endtime="20200914 15:43:05.758"></status>
</kw>
<status status="FAIL" starttime="20200914 15:43:05.244" endtime="20200914 15:43:05.759" critical="yes">JSONDecodeError: Expecting value: line 1 column 1 (char 0)</status>
</test>
<doc>Testar a funcionalidade de cadastro do site Localnews</doc>
<status status="FAIL" starttime="20200914 15:43:05.078" endtime="20200914 15:43:05.761"></status>
</suite>
<statistics>
<total>
<stat pass="0" fail="1">Critical Tests</stat>
<stat pass="0" fail="1">All Tests</stat>
</total>
<tag>
</tag>
<suite>
<stat pass="0" fail="1" id="s1" name="suitesTeardown">suitesTeardown</stat>
</suite>
</statistics>
<errors>
</errors>
</robot>
