<?xml version="1.0" encoding="UTF-8"?>
<testsuite name="TestCadastroUsuario" tests="2" errors="0" failures="1" skipped="0" time="19.196">
<testcase classname="TestCadastroUsuario" name="Cen치rio 01 Cadastro: Cadastrar um novo usu치rio com sucesso" time="9.717">
<failure message="Page should have contained element 'xpath=//form/div/div/div[3]/button' but did not." type="AssertionError"></failure>
</testcase>
<testcase classname="TestCadastroUsuario" name="Cen치rio 02 Cadastro: Falhar cadastro de um novo usu치rio com sucesso" time="9.094">
</testcase>
</testsuite>
