<?xml version="1.0" encoding="UTF-8"?>
<robot generator="Robot 3.2.1 (Python 3.8.5 on win32)" generated="20200911 13:18:32.789" rpa="false">
<suite id="s1" name="TestCadastroProjeto" source="C:\Users\Pichau\Desktop\ProjetoInovaForms\tests\testSuiteInovaForms\TestCadastroProjeto.robot">
<test id="s1-t1" name="Cenário 01 Cadastro: Serão preenchidos os campos do projeto para o cadastro">
<kw name="Abrir navegador e logar" library="SetupsTeardowns" type="setup">
<kw name="Open Browser" library="SeleniumLibrary">
<doc>Opens a new browser instance to the optional ``url``.</doc>
<arguments>
<arg>${URL}</arg>
<arg>${BROWSER}</arg>
</arguments>
<msg timestamp="20200911 13:18:33.190" level="INFO">Opening browser 'chrome' to base url 'https://inovaforms.digitais.sistemaindustria.com.br/'.</msg>
<status status="PASS" starttime="20200911 13:18:33.189" endtime="20200911 13:18:38.438"></status>
</kw>
<kw name="Então é efetuado o login" library="Resources">
<kw name="Input Text" library="SeleniumLibrary">
<doc>Types the given ``text`` into the text field identified by ``locator``.</doc>
<arguments>
<arg>${NAMEUSERNAME}</arg>
<arg>${EMAIL}</arg>
</arguments>
<msg timestamp="20200911 13:18:38.439" level="INFO">Typing text 'estatico@gmail.com' into text field 'username'.</msg>
<status status="PASS" starttime="20200911 13:18:38.438" endtime="20200911 13:18:38.551"></status>
</kw>
<kw name="Input Password" library="SeleniumLibrary">
<doc>Types the given password into the text field identified by ``locator``.</doc>
<arguments>
<arg>${IDSENHA}</arg>
<arg>${SENHA}</arg>
</arguments>
<msg timestamp="20200911 13:18:38.552" level="INFO">Typing password into text field 'password'.</msg>
<msg timestamp="20200911 13:18:38.588" level="INFO">Temporally setting log level to: NONE</msg>
<msg timestamp="20200911 13:18:38.634" level="INFO">Log level changed from NONE to INFO.</msg>
<status status="PASS" starttime="20200911 13:18:38.551" endtime="20200911 13:18:38.634"></status>
</kw>
<kw name="Click Element" library="SeleniumLibrary">
<doc>Click the element identified by ``locator``.</doc>
<arguments>
<arg>xpath=${XPATHLOGIN}</arg>
</arguments>
<msg timestamp="20200911 13:18:38.635" level="INFO">Clicking element 'xpath=//form/div/div/div[3]/button'.</msg>
<status status="PASS" starttime="20200911 13:18:38.635" endtime="20200911 13:18:39.753"></status>
</kw>
<status status="PASS" starttime="20200911 13:18:38.438" endtime="20200911 13:18:39.753"></status>
</kw>
<status status="PASS" starttime="20200911 13:18:33.189" endtime="20200911 13:18:39.754"></status>
</kw>
<kw name="Dado que esteja na tela de criação de projetos" library="Resources">
<kw name="Page Should Contain" library="SeleniumLibrary">
<doc>Verifies that current page contains ``text``.</doc>
<arguments>
<arg>${TEXTOPAGINAPROJETO}</arg>
</arguments>
<msg timestamp="20200911 13:18:39.771" level="INFO">Current page contains text 'Meus projetos'.</msg>
<status status="PASS" starttime="20200911 13:18:39.755" endtime="20200911 13:18:39.771"></status>
</kw>
<status status="PASS" starttime="20200911 13:18:39.754" endtime="20200911 13:18:39.771"></status>
</kw>
<kw name="Quando clicar em adicionar projeto" library="Resources">
<kw name="Click Element" library="SeleniumLibrary">
<doc>Click the element identified by ``locator``.</doc>
<arguments>
<arg>xpath=${XPATHADICIONARPROJETO}</arg>
</arguments>
<msg timestamp="20200911 13:18:39.772" level="INFO">Clicking element 'xpath=//a[@href="/projetos/cadastrar"]'.</msg>
<status status="PASS" starttime="20200911 13:18:39.772" endtime="20200911 13:18:44.310"></status>
</kw>
<status status="PASS" starttime="20200911 13:18:39.772" endtime="20200911 13:18:44.310"></status>
</kw>
<kw name="Então serão exibidos e preenchidos os campos para descrever o projeto" library="Resources">
<kw name="Wait Until Page Contains" library="SeleniumLibrary">
<doc>Waits until ``text`` appears on the current page.</doc>
<arguments>
<arg>${TEXTONOVOPROJETO}</arg>
</arguments>
<status status="PASS" starttime="20200911 13:18:44.312" endtime="20200911 13:18:44.391"></status>
</kw>
<kw name="Preencher campos de texto" library="CommonForms">
<arguments>
<arg>campos=${DADOSPROJETO}</arg>
</arguments>
<kw name="${id} | ${campo} IN [ &amp;{campos} ]" type="for">
<kw name="${id} = cargo_coordenador, ${campo} = texto genérico" type="foritem">
<kw name="Input Text" library="SeleniumLibrary">
<doc>Types the given ``text`` into the text field identified by ``locator``.</doc>
<arguments>
<arg>${id}</arg>
<arg>${campo}</arg>
</arguments>
<msg timestamp="20200911 13:18:44.393" level="INFO">Typing text 'texto genérico' into text field 'cargo_coordenador'.</msg>
<status status="PASS" starttime="20200911 13:18:44.392" endtime="20200911 13:18:44.522"></status>
</kw>
<status status="PASS" starttime="20200911 13:18:44.392" endtime="20200911 13:18:44.522"></status>
</kw>
<kw name="${id} = link_coordenador, ${campo} = texto genérico" type="foritem">
<kw name="Input Text" library="SeleniumLibrary">
<doc>Types the given ``text`` into the text field identified by ``locator``.</doc>
<arguments>
<arg>${id}</arg>
<arg>${campo}</arg>
</arguments>
<msg timestamp="20200911 13:18:44.522" level="INFO">Typing text 'texto genérico' into text field 'link_coordenador'.</msg>
<status status="PASS" starttime="20200911 13:18:44.522" endtime="20200911 13:18:44.644"></status>
</kw>
<status status="PASS" starttime="20200911 13:18:44.522" endtime="20200911 13:18:44.644"></status>
</kw>
<kw name="${id} = horas_dedicadas_coordenador, ${campo} = texto genérico" type="foritem">
<kw name="Input Text" library="SeleniumLibrary">
<doc>Types the given ``text`` into the text field identified by ``locator``.</doc>
<arguments>
<arg>${id}</arg>
<arg>${campo}</arg>
</arguments>
<msg timestamp="20200911 13:18:44.645" level="INFO">Typing text 'texto genérico' into text field 'horas_dedicadas_coordenador'.</msg>
<status status="PASS" starttime="20200911 13:18:44.645" endtime="20200911 13:18:44.763"></status>
</kw>
<status status="PASS" starttime="20200911 13:18:44.645" endtime="20200911 13:18:44.763"></status>
</kw>
<kw name="${id} = coordenador_resposabilidades, ${campo} = texto genérico" type="foritem">
<kw name="Input Text" library="SeleniumLibrary">
<doc>Types the given ``text`` into the text field identified by ``locator``.</doc>
<arguments>
<arg>${id}</arg>
<arg>${campo}</arg>
</arguments>
<msg timestamp="20200911 13:18:44.763" level="INFO">Typing text 'texto genérico' into text field 'coordenador_resposabilidades'.</msg>
<status status="PASS" starttime="20200911 13:18:44.763" endtime="20200911 13:18:44.910"></status>
</kw>
<status status="PASS" starttime="20200911 13:18:44.763" endtime="20200911 13:18:44.910"></status>
</kw>
<kw name="${id} = titulo, ${campo} = texto genérico" type="foritem">
<kw name="Input Text" library="SeleniumLibrary">
<doc>Types the given ``text`` into the text field identified by ``locator``.</doc>
<arguments>
<arg>${id}</arg>
<arg>${campo}</arg>
</arguments>
<msg timestamp="20200911 13:18:44.911" level="INFO">Typing text 'texto genérico' into text field 'titulo'.</msg>
<status status="PASS" starttime="20200911 13:18:44.911" endtime="20200911 13:18:45.028"></status>
</kw>
<status status="PASS" starttime="20200911 13:18:44.911" endtime="20200911 13:18:45.028"></status>
</kw>
<kw name="${id} = palavra_chave, ${campo} = texto genérico" type="foritem">
<kw name="Input Text" library="SeleniumLibrary">
<doc>Types the given ``text`` into the text field identified by ``locator``.</doc>
<arguments>
<arg>${id}</arg>
<arg>${campo}</arg>
</arguments>
<msg timestamp="20200911 13:18:45.028" level="INFO">Typing text 'texto genérico' into text field 'palavra_chave'.</msg>
<status status="PASS" starttime="20200911 13:18:45.028" endtime="20200911 13:18:45.158"></status>
</kw>
<status status="PASS" starttime="20200911 13:18:45.028" endtime="20200911 13:18:45.158"></status>
</kw>
<kw name="${id} = objetivo, ${campo} = texto genérico" type="foritem">
<kw name="Input Text" library="SeleniumLibrary">
<doc>Types the given ``text`` into the text field identified by ``locator``.</doc>
<arguments>
<arg>${id}</arg>
<arg>${campo}</arg>
</arguments>
<msg timestamp="20200911 13:18:45.159" level="INFO">Typing text 'texto genérico' into text field 'objetivo'.</msg>
<status status="PASS" starttime="20200911 13:18:45.158" endtime="20200911 13:18:45.278"></status>
</kw>
<status status="PASS" starttime="20200911 13:18:45.158" endtime="20200911 13:18:45.278"></status>
</kw>
<kw name="${id} = relevancia, ${campo} = texto genérico" type="foritem">
<kw name="Input Text" library="SeleniumLibrary">
<doc>Types the given ``text`` into the text field identified by ``locator``.</doc>
<arguments>
<arg>${id}</arg>
<arg>${campo}</arg>
</arguments>
<msg timestamp="20200911 13:18:45.278" level="INFO">Typing text 'texto genérico' into text field 'relevancia'.</msg>
<status status="PASS" starttime="20200911 13:18:45.278" endtime="20200911 13:18:45.400"></status>
</kw>
<status status="PASS" starttime="20200911 13:18:45.278" endtime="20200911 13:18:45.400"></status>
</kw>
<kw name="${id} = metodologia, ${campo} = texto genérico" type="foritem">
<kw name="Input Text" library="SeleniumLibrary">
<doc>Types the given ``text`` into the text field identified by ``locator``.</doc>
<arguments>
<arg>${id}</arg>
<arg>${campo}</arg>
</arguments>
<msg timestamp="20200911 13:18:45.400" level="INFO">Typing text 'texto genérico' into text field 'metodologia'.</msg>
<status status="PASS" starttime="20200911 13:18:45.400" endtime="20200911 13:18:45.520"></status>
</kw>
<status status="PASS" starttime="20200911 13:18:45.400" endtime="20200911 13:18:45.520"></status>
</kw>
<kw name="${id} = impactos, ${campo} = texto genérico" type="foritem">
<kw name="Input Text" library="SeleniumLibrary">
<doc>Types the given ``text`` into the text field identified by ``locator``.</doc>
<arguments>
<arg>${id}</arg>
<arg>${campo}</arg>
</arguments>
<msg timestamp="20200911 13:18:45.520" level="INFO">Typing text 'texto genérico' into text field 'impactos'.</msg>
<status status="PASS" starttime="20200911 13:18:45.520" endtime="20200911 13:18:45.639"></status>
</kw>
<status status="PASS" starttime="20200911 13:18:45.520" endtime="20200911 13:18:45.639"></status>
</kw>
<kw name="${id} = visibilidade_tecnica, ${campo} = texto genérico" type="foritem">
<kw name="Input Text" library="SeleniumLibrary">
<doc>Types the given ``text`` into the text field identified by ``locator``.</doc>
<arguments>
<arg>${id}</arg>
<arg>${campo}</arg>
</arguments>
<msg timestamp="20200911 13:18:45.639" level="INFO">Typing text 'texto genérico' into text field 'visibilidade_tecnica'.</msg>
<status status="PASS" starttime="20200911 13:18:45.639" endtime="20200911 13:18:45.777"></status>
</kw>
<status status="PASS" starttime="20200911 13:18:45.639" endtime="20200911 13:18:45.777"></status>
</kw>
<kw name="${id} = visibilidade_economica, ${campo} = texto genérico" type="foritem">
<kw name="Input Text" library="SeleniumLibrary">
<doc>Types the given ``text`` into the text field identified by ``locator``.</doc>
<arguments>
<arg>${id}</arg>
<arg>${campo}</arg>
</arguments>
<msg timestamp="20200911 13:18:45.778" level="INFO">Typing text 'texto genérico' into text field 'visibilidade_economica'.</msg>
<status status="PASS" starttime="20200911 13:18:45.778" endtime="20200911 13:18:45.899"></status>
</kw>
<status status="PASS" starttime="20200911 13:18:45.777" endtime="20200911 13:18:45.899"></status>
</kw>
<kw name="${id} = recursosTerceiros, ${campo} = 1" type="foritem">
<kw name="Input Text" library="SeleniumLibrary">
<doc>Types the given ``text`` into the text field identified by ``locator``.</doc>
<arguments>
<arg>${id}</arg>
<arg>${campo}</arg>
</arguments>
<msg timestamp="20200911 13:18:45.900" level="INFO">Typing text '1' into text field 'recursosTerceiros'.</msg>
<status status="PASS" starttime="20200911 13:18:45.899" endtime="20200911 13:18:46.019"></status>
</kw>
<status status="PASS" starttime="20200911 13:18:45.899" endtime="20200911 13:18:46.019"></status>
</kw>
<kw name="${id} = recursosProprios, ${campo} = 1" type="foritem">
<kw name="Input Text" library="SeleniumLibrary">
<doc>Types the given ``text`` into the text field identified by ``locator``.</doc>
<arguments>
<arg>${id}</arg>
<arg>${campo}</arg>
</arguments>
<msg timestamp="20200911 13:18:46.019" level="INFO">Typing text '1' into text field 'recursosProprios'.</msg>
<status status="PASS" starttime="20200911 13:18:46.019" endtime="20200911 13:18:46.145"></status>
</kw>
<status status="PASS" starttime="20200911 13:18:46.019" endtime="20200911 13:18:46.145"></status>
</kw>
<kw name="${id} = desafio_bolsistas, ${campo} = texto genérico" type="foritem">
<kw name="Input Text" library="SeleniumLibrary">
<doc>Types the given ``text`` into the text field identified by ``locator``.</doc>
<arguments>
<arg>${id}</arg>
<arg>${campo}</arg>
</arguments>
<msg timestamp="20200911 13:18:46.146" level="INFO">Typing text 'texto genérico' into text field 'desafio_bolsistas'.</msg>
<status status="PASS" starttime="20200911 13:18:46.146" endtime="20200911 13:18:46.265"></status>
</kw>
<status status="PASS" starttime="20200911 13:18:46.146" endtime="20200911 13:18:46.265"></status>
</kw>
<status status="PASS" starttime="20200911 13:18:44.392" endtime="20200911 13:18:46.265"></status>
</kw>
<status status="PASS" starttime="20200911 13:18:44.392" endtime="20200911 13:18:46.265"></status>
</kw>
<kw name="Click Element" library="SeleniumLibrary">
<doc>Click the element identified by ``locator``.</doc>
<arguments>
<arg>${XPATHPROJETOANALISE}</arg>
</arguments>
<msg timestamp="20200911 13:18:46.265" level="INFO">Clicking element '//form/div/div[7]/div[1]/div[1]/label[@for="analise_iel_sim"]'.</msg>
<status status="PASS" starttime="20200911 13:18:46.265" endtime="20200911 13:18:46.334"></status>
</kw>
<kw name="Preencher campos de select" library="CommonForms">
<arguments>
<arg>campos=${DADOSPROJETOSELECT}</arg>
</arguments>
<kw name="${id} | ${label} IN [ &amp;{campos} ]" type="for">
<kw name="${id} = setor, ${label} = Automotivo" type="foritem">
<kw name="Select From List By Label" library="SeleniumLibrary">
<doc>Selects options from selection list ``locator`` by ``labels``.</doc>
<arguments>
<arg>${id}</arg>
<arg>${label}</arg>
</arguments>
<msg timestamp="20200911 13:18:46.336" level="INFO">Selecting options from selection list 'setor' by label Automotivo.</msg>
<status status="PASS" starttime="20200911 13:18:46.336" endtime="20200911 13:18:46.434"></status>
</kw>
<status status="PASS" starttime="20200911 13:18:46.335" endtime="20200911 13:18:46.434"></status>
</kw>
<kw name="${id} = tipo_inovacao, ${label} = Processo" type="foritem">
<kw name="Select From List By Label" library="SeleniumLibrary">
<doc>Selects options from selection list ``locator`` by ``labels``.</doc>
<arguments>
<arg>${id}</arg>
<arg>${label}</arg>
</arguments>
<msg timestamp="20200911 13:18:46.435" level="INFO">Selecting options from selection list 'tipo_inovacao' by label Processo.</msg>
<status status="PASS" starttime="20200911 13:18:46.435" endtime="20200911 13:18:46.522"></status>
</kw>
<status status="PASS" starttime="20200911 13:18:46.434" endtime="20200911 13:18:46.522"></status>
</kw>
<kw name="${id} = grau_inovacao, ${label} = Radical" type="foritem">
<kw name="Select From List By Label" library="SeleniumLibrary">
<doc>Selects options from selection list ``locator`` by ``labels``.</doc>
<arguments>
<arg>${id}</arg>
<arg>${label}</arg>
</arguments>
<msg timestamp="20200911 13:18:46.522" level="INFO">Selecting options from selection list 'grau_inovacao' by label Radical.</msg>
<status status="PASS" starttime="20200911 13:18:46.522" endtime="20200911 13:18:46.608"></status>
</kw>
<status status="PASS" starttime="20200911 13:18:46.522" endtime="20200911 13:18:46.608"></status>
</kw>
<kw name="${id} = regional_iel, ${label} = Alagoas - ( AL )" type="foritem">
<kw name="Select From List By Label" library="SeleniumLibrary">
<doc>Selects options from selection list ``locator`` by ``labels``.</doc>
<arguments>
<arg>${id}</arg>
<arg>${label}</arg>
</arguments>
<msg timestamp="20200911 13:18:46.609" level="INFO">Selecting options from selection list 'regional_iel' by label Alagoas - ( AL ).</msg>
<status status="PASS" starttime="20200911 13:18:46.608" endtime="20200911 13:18:46.699"></status>
</kw>
<status status="PASS" starttime="20200911 13:18:46.608" endtime="20200911 13:18:46.699"></status>
</kw>
<status status="PASS" starttime="20200911 13:18:46.335" endtime="20200911 13:18:46.699"></status>
</kw>
<status status="PASS" starttime="20200911 13:18:46.334" endtime="20200911 13:18:46.699"></status>
</kw>
<status status="PASS" starttime="20200911 13:18:44.311" endtime="20200911 13:18:46.699"></status>
</kw>
<doc>Serão preenchidos os campos gerais para cadastro
do projeto, não incluindo os modais individuais</doc>
<tags>
<tag>Cadastro</tag>
</tags>
<status status="PASS" starttime="20200911 13:18:33.188" endtime="20200911 13:18:46.700" critical="yes"></status>
</test>
<doc>Testar a funcionalidade de cadastro do site Localnews</doc>
<status status="PASS" starttime="20200911 13:18:32.790" endtime="20200911 13:18:46.702"></status>
</suite>
<statistics>
<total>
<stat pass="1" fail="0">Critical Tests</stat>
<stat pass="1" fail="0">All Tests</stat>
</total>
<tag>
<stat pass="1" fail="0">Cadastro</stat>
</tag>
<suite>
<stat pass="1" fail="0" id="s1" name="TestCadastroProjeto">TestCadastroProjeto</stat>
</suite>
</statistics>
<errors>
</errors>
</robot>
