<?xml version="1.0" encoding="UTF-8"?>
<robot generator="Robot 3.2.1 (Python 3.8.5 on win32)" generated="20200916 20:37:43.805" rpa="false">
<suite id="s1" name="testSuiteInovaForms" source="C:\Users\Pichau\Desktop\ProjetoInovaForms\tests\testSuiteInovaForms">
<suite id="s1-s1" name="TestCadastrodeUsuario" source="C:\Users\Pichau\Desktop\ProjetoInovaForms\tests\testSuiteInovaForms\TestCadastrodeUsuario.robot">
<test id="s1-s1-t1" name="Cenário 01 Cadastro Usuário: Cadastrar um novo usuário com sucesso">
<kw name="Abrir navegador" library="SetupsTeardowns" type="setup">
<kw name="Open Browser" library="SeleniumLibrary">
<doc>Opens a new browser instance to the optional ``url``.</doc>
<arguments>
<arg>${URL}</arg>
<arg>${BROWSER}</arg>
<arg>alias=${BROWSER}</arg>
</arguments>
<msg timestamp="20200916 20:37:44.229" level="INFO">Opening browser 'chrome' to base url 'https://inovaforms.digitais.sistemaindustria.com.br/'.</msg>
<status status="PASS" starttime="20200916 20:37:44.229" endtime="20200916 20:37:48.679"></status>
</kw>
<kw name="Maximize Browser Window" library="SeleniumLibrary">
<doc>Maximizes current browser window.</doc>
<status status="PASS" starttime="20200916 20:37:48.679" endtime="20200916 20:37:50.800"></status>
</kw>
<status status="PASS" starttime="20200916 20:37:44.229" endtime="20200916 20:37:50.800"></status>
</kw>
<kw name="Dado que esteja na tela inicial do site InovaForms" library="Resources">
<kw name="Wait Until Page Contains Element" library="SeleniumLibrary">
<doc>Waits until the element ``locator`` appears on the current page.</doc>
<arguments>
<arg>tag=title</arg>
</arguments>
<msg timestamp="20200916 20:37:55.979" level="FAIL">Element 'tag=title' did not appear in 5 seconds.</msg>
<status status="FAIL" starttime="20200916 20:37:50.801" endtime="20200916 20:37:55.979"></status>
</kw>
<status status="FAIL" starttime="20200916 20:37:50.800" endtime="20200916 20:37:55.979"></status>
</kw>
<kw name="Fechar navegador" library="SetupsTeardowns" type="teardown">
<kw name="Run Keyword If Test Failed" library="BuiltIn">
<doc>Runs the given keyword with the given arguments, if the test failed.</doc>
<arguments>
<arg>Screenshot Personalizada</arg>
</arguments>
<kw name="Screenshot Personalizada" library="SetupsTeardowns">
<kw name="Get Current Date" library="DateTime">
<doc>Returns current local or UTC time with an optional increment.</doc>
<arguments>
<arg>result_format=%d-%m-%Y-%H.%M.%S.%f</arg>
</arguments>
<assign>
<var>${agora}</var>
</assign>
<msg timestamp="20200916 20:37:55.982" level="INFO">${agora} = 16-09-2020-20.37.55.982119</msg>
<status status="PASS" starttime="20200916 20:37:55.981" endtime="20200916 20:37:55.982"></status>
</kw>
<kw name="Split String" library="String">
<doc>Splits the ``string`` using ``separator`` as a delimiter string.</doc>
<arguments>
<arg>${TEST NAME}</arg>
<arg>:</arg>
</arguments>
<assign>
<var>${nome teste}</var>
</assign>
<msg timestamp="20200916 20:37:55.983" level="INFO">${nome teste} = ['Cenário 01 Cadastro Usuário', ' Cadastrar um novo usuário com sucesso']</msg>
<status status="PASS" starttime="20200916 20:37:55.982" endtime="20200916 20:37:55.983"></status>
</kw>
<kw name="Capture Page Screenshot" library="SeleniumLibrary">
<doc>Takes a screenshot of the current page and embeds it into a log file.</doc>
<arguments>
<arg>screenshot-${nome teste}[0]-${agora}.png</arg>
</arguments>
<msg timestamp="20200916 20:37:56.285" level="INFO" html="yes">&lt;/td&gt;&lt;/tr&gt;&lt;tr&gt;&lt;td colspan="3"&gt;&lt;a href="screenshot-Cen%C3%A1rio%2001%20Cadastro%20Usu%C3%A1rio-16-09-2020-20.37.55.982119.png"&gt;&lt;img src="screenshot-Cen%C3%A1rio%2001%20Cadastro%20Usu%C3%A1rio-16-09-2020-20.37.55.982119.png" width="800px"&gt;&lt;/a&gt;</msg>
<status status="PASS" starttime="20200916 20:37:55.983" endtime="20200916 20:37:56.286"></status>
</kw>
<status status="PASS" starttime="20200916 20:37:55.981" endtime="20200916 20:37:56.286"></status>
</kw>
<status status="PASS" starttime="20200916 20:37:55.981" endtime="20200916 20:37:56.286"></status>
</kw>
<kw name="Close Browser" library="SeleniumLibrary">
<doc>Closes the current browser.</doc>
<status status="PASS" starttime="20200916 20:37:56.286" endtime="20200916 20:37:58.448"></status>
</kw>
<status status="PASS" starttime="20200916 20:37:55.980" endtime="20200916 20:37:58.448"></status>
</kw>
<doc>Será feito o cadastro do usuário
utilizando informações corretas ao sistema</doc>
<tags>
<tag>Cadastro</tag>
</tags>
<status status="FAIL" starttime="20200916 20:37:44.228" endtime="20200916 20:37:58.449" critical="yes">Element 'tag=title' did not appear in 5 seconds.</status>
</test>
<test id="s1-s1-t2" name="Cenário 02 Cadastro Usuário: Falhar cadastro de um novo usuário com sucesso">
<kw name="Abrir navegador" library="SetupsTeardowns" type="setup">
<kw name="Open Browser" library="SeleniumLibrary">
<doc>Opens a new browser instance to the optional ``url``.</doc>
<arguments>
<arg>${URL}</arg>
<arg>${BROWSER}</arg>
<arg>alias=${BROWSER}</arg>
</arguments>
<msg timestamp="20200916 20:37:58.453" level="INFO">Opening browser 'chrome' to base url 'https://inovaforms.digitais.sistemaindustria.com.br/'.</msg>
<errors>
<msg timestamp="20200916 20:38:02.299" level="ERROR">Execution stopped by user.</msg>
</errors>
</robot>
